<?xml version="1.0" encoding="UTF-8"?>
<testng-results skipped="0" failed="0" total="1" passed="1">
  <reporter-output>
  </reporter-output>
  <suite name="Default suite" duration-ms="12097" started-at="2019-12-04T16:23:02Z" finished-at="2019-12-04T16:23:14Z">
    <groups>
    </groups>
    <test name="Default test" duration-ms="12097" started-at="2019-12-04T16:23:02Z" finished-at="2019-12-04T16:23:14Z">
      <class name="testBrowser.BrowserTest">
        <test-method status="PASS" signature="testbrowser()[pri:0, instance:testBrowser.BrowserTest@20e2cbe0]" name="testbrowser" duration-ms="12059" started-at="2019-12-04T21:53:02Z" finished-at="2019-12-04T21:53:14Z">
          <reporter-output>
          </reporter-output>
        </test-method> <!-- testbrowser -->
      </class> <!-- testBrowser.BrowserTest -->
    </test> <!-- Default test -->
  </suite> <!-- Default suite -->
</testng-results>
